# JRE version: Java(TM) SE Runtime Environment (17.0.11+7) (build 17.0.11+7-LTS-207)
# Java VM: Java HotSpot(TM) 64-Bit Server VM (17.0.11+7-LTS-207, mixed mode, sharing, tiered, compressed oops, compressed class ptrs, g1 gc, windows-amd64)
GC Precious Log:
 CPUs: 4 total, 4 available
 Memory: 16266M
 Large Page Support: Disabled
 NUMA Support: Disabled
 Compressed Oops: Enabled (Zero based)
 Heap Region Size: 2M
 Heap Min Capacity: 8M
 Heap Initial Capacity: 256M
 Heap Max Capacity: 4068M
 Pre-touch: Disabled
 Parallel Workers: 4
 Concurrent Workers: 1
 Concurrent Refinement Workers: 4
 Periodic GC: Disabled
Heap:
 garbage-first heap   total 184320K, used 122517K [0x0000000701c00000, 0x0000000800000000)
  region size 2048K, 30 young (61440K), 1 survivors (2048K)
 Metaspace       used 42729K, committed 43136K, reserved 1114112K
  class space    used 4860K, committed 5056K, reserved 1048576K
GC Heap History (20 events):
Event: 6.497 GC heap before
{Heap before GC invocations=3 (full 0):
 garbage-first heap   total 262144K, used 191615K [0x0000000701c00000, 0x0000000800000000)
  region size 2048K, 76 young (155648K), 1 survivors (2048K)
 Metaspace       used 19512K, committed 19840K, reserved 1114112K
  class space    used 2232K, committed 2368K, reserved 1048576K
}
Event: 6.517 GC heap after
{Heap after GC invocations=4 (full 0):
 garbage-first heap   total 262144K, used 17165K [0x0000000701c00000, 0x0000000800000000)
  region size 2048K, 7 young (14336K), 7 survivors (14336K)
 Metaspace       used 19512K, committed 19840K, reserved 1114112K
  class space    used 2232K, committed 2368K, reserved 1048576K
}
Event: 6.765 GC heap before
{Heap before GC invocations=4 (full 0):
 garbage-first heap   total 262144K, used 29453K [0x0000000701c00000, 0x0000000800000000)
  region size 2048K, 12 young (24576K), 7 survivors (14336K)
 Metaspace       used 21206K, committed 21504K, reserved 1114112K
  class space    used 2475K, committed 2624K, reserved 1048576K
}
Event: 6.785 GC heap after
{Heap after GC invocations=5 (full 0):
 garbage-first heap   total 262144K, used 25987K [0x0000000701c00000, 0x0000000800000000)
  region size 2048K, 3 young (6144K), 3 survivors (6144K)
 Metaspace       used 21206K, committed 21504K, reserved 1114112K
  class space    used 2475K, committed 2624K, reserved 1048576K
}
Event: 8.386 GC heap before
{Heap before GC invocations=6 (full 0):
 garbage-first heap   total 102400K, used 83331K [0x0000000701c00000, 0x0000000800000000)
  region size 2048K, 32 young (65536K), 3 survivors (6144K)
 Metaspace       used 26287K, committed 26560K, reserved 1114112K
  class space    used 3009K, committed 3136K, reserved 1048576K
}
Event: 8.406 GC heap after
{Heap after GC invocations=7 (full 0):
 garbage-first heap   total 110592K, used 41508K [0x0000000701c00000, 0x0000000800000000)
  region size 2048K, 10 young (20480K), 10 survivors (20480K)
 Metaspace       used 26287K, committed 26560K, reserved 1114112K
  class space    used 3009K, committed 3136K, reserved 1048576K
}
Event: 8.548 GC heap before
{Heap before GC invocations=7 (full 0):
 garbage-first heap   total 110592K, used 43556K [0x0000000701c00000, 0x0000000800000000)
  region size 2048K, 11 young (22528K), 10 survivors (20480K)
 Metaspace       used 26518K, committed 26752K, reserved 1114112K
  class space    used 3028K, committed 3136K, reserved 1048576K
}
Event: 8.582 GC heap after
{Heap after GC invocations=8 (full 0):
 garbage-first heap   total 110592K, used 44315K [0x0000000701c00000, 0x0000000800000000)
  region size 2048K, 1 young (2048K), 1 survivors (2048K)
 Metaspace       used 26518K, committed 26752K, reserved 1114112K
  class space    used 3028K, committed 3136K, reserved 1048576K
}
Event: 9.569 GC heap before
{Heap before GC invocations=8 (full 0):
 garbage-first heap   total 110592K, used 79131K [0x0000000701c00000, 0x0000000800000000)
  region size 2048K, 19 young (38912K), 1 survivors (2048K)
 Metaspace       used 28429K, committed 28800K, reserved 1114112K
  class space    used 3243K, committed 3456K, reserved 1048576K
}
Event: 9.577 GC heap after
{Heap after GC invocations=9 (full 0):
 garbage-first heap   total 110592K, used 43798K [0x0000000701c00000, 0x0000000800000000)
  region size 2048K, 1 young (2048K), 1 survivors (2048K)
 Metaspace       used 28429K, committed 28800K, reserved 1114112K
  class space    used 3243K, committed 3456K, reserved 1048576K
}
Event: 10.528 GC heap before
{Heap before GC invocations=9 (full 0):
 garbage-first heap   total 110592K, used 84758K [0x0000000701c00000, 0x0000000800000000)
  region size 2048K, 20 young (40960K), 1 survivors (2048K)
 Metaspace       used 30048K, committed 30464K, reserved 1114112K
  class space    used 3416K, committed 3648K, reserved 1048576K
}
Event: 10.537 GC heap after
{Heap after GC invocations=10 (full 0):
 garbage-first heap   total 110592K, used 47107K [0x0000000701c00000, 0x0000000800000000)
  region size 2048K, 2 young (4096K), 2 survivors (4096K)
 Metaspace       used 30048K, committed 30464K, reserved 1114112K
  class space    used 3416K, committed 3648K, reserved 1048576K
}
Event: 11.851 GC heap before
{Heap before GC invocations=10 (full 0):
 garbage-first heap   total 110592K, used 83971K [0x0000000701c00000, 0x0000000800000000)
  region size 2048K, 20 young (40960K), 2 survivors (4096K)
 Metaspace       used 31091K, committed 31488K, reserved 1114112K
  class space    used 3514K, committed 3712K, reserved 1048576K
}
Event: 11.871 GC heap after
{Heap after GC invocations=11 (full 0):
 garbage-first heap   total 110592K, used 59562K [0x0000000701c00000, 0x0000000800000000)
  region size 2048K, 3 young (6144K), 3 survivors (6144K)
 Metaspace       used 31091K, committed 31488K, reserved 1114112K
  class space    used 3514K, committed 3712K, reserved 1048576K
}
Event: 12.476 GC heap before
{Heap before GC invocations=11 (full 0):
 garbage-first heap   total 110592K, used 82090K [0x0000000701c00000, 0x0000000800000000)
  region size 2048K, 14 young (28672K), 3 survivors (6144K)
 Metaspace       used 31106K, committed 31488K, reserved 1114112K
  class space    used 3514K, committed 3712K, reserved 1048576K
}
Event: 12.490 GC heap after
{Heap after GC invocations=12 (full 0):
 garbage-first heap   total 184320K, used 69153K [0x0000000701c00000, 0x0000000800000000)
  region size 2048K, 2 young (4096K), 2 survivors (4096K)
 Metaspace       used 31106K, committed 31488K, reserved 1114112K
  class space    used 3514K, committed 3712K, reserved 1048576K
}
Event: 14.082 GC heap before
{Heap before GC invocations=13 (full 0):
 garbage-first heap   total 184320K, used 124449K [0x0000000701c00000, 0x0000000800000000)
  region size 2048K, 29 young (59392K), 2 survivors (4096K)
 Metaspace       used 32529K, committed 32960K, reserved 1114112K
  class space    used 3681K, committed 3904K, reserved 1048576K
}
Event: 14.091 GC heap after
{Heap after GC invocations=14 (full 0):
 garbage-first heap   total 184320K, used 70487K [0x0000000701c00000, 0x0000000800000000)
  region size 2048K, 3 young (6144K), 3 survivors (6144K)
 Metaspace       used 32529K, committed 32960K, reserved 1114112K
  class space    used 3681K, committed 3904K, reserved 1048576K
}
Event: 14.149 GC heap before
{Heap before GC invocations=14 (full 0):
 garbage-first heap   total 184320K, used 72535K [0x0000000701c00000, 0x0000000800000000)
  region size 2048K, 4 young (8192K), 3 survivors (6144K)
 Metaspace       used 32562K, committed 32960K, reserved 1114112K
  class space    used 3681K, committed 3904K, reserved 1048576K
}
Event: 14.155 GC heap after
{Heap after GC invocations=15 (full 0):
 garbage-first heap   total 184320K, used 65173K [0x0000000701c00000, 0x0000000800000000)
  region size 2048K, 1 young (2048K), 1 survivors (2048K)
 Metaspace       used 32562K, committed 32960K, reserved 1114112K
  class space    used 3681K, committed 3904K, reserved 1048576K
}

